# JRE version: Java(TM) SE Runtime Environment (8.0_131-b11) (build 1.8.0_131-b11)
# Java VM: Java HotSpot(TM) 64-Bit Server VM (25.131-b11 mixed mode linux-amd64 compressed oops)
Heap:
 PSYoungGen      total 261120K, used 4624K [0x00000000d6d00000, 0x00000000e7380000, 0x0000000100000000)
  eden space 253440K, 0% used [0x00000000d6d00000,0x00000000d6d00000,0x00000000e6480000)
  from space 7680K, 60% used [0x00000000e6480000,0x00000000e6904060,0x00000000e6c00000)
  to   space 6656K, 0% used [0x00000000e6d00000,0x00000000e6d00000,0x00000000e7380000)
 ParOldGen       total 77824K, used 50588K [0x0000000084600000, 0x0000000089200000, 0x00000000d6d00000)
  object space 77824K, 65% used [0x0000000084600000,0x0000000087767290,0x0000000089200000)
 Metaspace       used 14285K, capacity 14718K, committed 14976K, reserved 1062912K
  class space    used 1730K, capacity 1879K, committed 1920K, reserved 1048576K
GC Heap History (10 events):
Event: 297,638 GC heap after
Heap after GC invocations=6 (full 0):
 PSYoungGen      total 134144K, used 3792K [0x00000000d6d00000, 0x00000000df900000, 0x0000000100000000)
  eden space 126976K, 0% used [0x00000000d6d00000,0x00000000d6d00000,0x00000000de900000)
  from space 7168K, 52% used [0x00000000df200000,0x00000000df5b4070,0x00000000df900000)
  to   space 8192K, 0% used [0x00000000de900000,0x00000000de900000,0x00000000df100000)
 ParOldGen       total 84992K, used 58671K [0x0000000084600000, 0x0000000089900000, 0x00000000d6d00000)
  object space 84992K, 69% used [0x0000000084600000,0x0000000087f4bc98,0x0000000089900000)
 Metaspace       used 13789K, capacity 14120K, committed 14208K, reserved 1060864K
  class space    used 1730K, capacity 1878K, committed 1920K, reserved 1048576K
}
Event: 351,791 GC heap before
{Heap before GC invocations=7 (full 0):
 PSYoungGen      total 134144K, used 130768K [0x00000000d6d00000, 0x00000000df900000, 0x0000000100000000)
  eden space 126976K, 100% used [0x00000000d6d00000,0x00000000de900000,0x00000000de900000)
  from space 7168K, 52% used [0x00000000df200000,0x00000000df5b4070,0x00000000df900000)
  to   space 8192K, 0% used [0x00000000de900000,0x00000000de900000,0x00000000df100000)
 ParOldGen       total 84992K, used 58671K [0x0000000084600000, 0x0000000089900000, 0x00000000d6d00000)
  object space 84992K, 69% used [0x0000000084600000,0x0000000087f4bc98,0x0000000089900000)
 Metaspace       used 13970K, capacity 14316K, committed 14464K, reserved 1062912K
  class space    used 1730K, capacity 1878K, committed 1920K, reserved 1048576K
Event: 351,867 GC heap after
Heap after GC invocations=7 (full 0):
 PSYoungGen      total 135168K, used 4944K [0x00000000d6d00000, 0x00000000e7500000, 0x0000000100000000)
  eden space 126976K, 0% used [0x00000000d6d00000,0x00000000d6d00000,0x00000000de900000)
  from space 8192K, 60% used [0x00000000de900000,0x00000000dedd4080,0x00000000df100000)
  to   space 8192K, 0% used [0x00000000e6d00000,0x00000000e6d00000,0x00000000e7500000)
 ParOldGen       total 84992K, used 69252K [0x0000000084600000, 0x0000000089900000, 0x00000000d6d00000)
  object space 84992K, 81% used [0x0000000084600000,0x00000000889a12b0,0x0000000089900000)
 Metaspace       used 13970K, capacity 14316K, committed 14464K, reserved 1062912K
  class space    used 1730K, capacity 1878K, committed 1920K, reserved 1048576K
}
Event: 351,867 GC heap before
{Heap before GC invocations=8 (full 1):
 PSYoungGen      total 135168K, used 4944K [0x00000000d6d00000, 0x00000000e7500000, 0x0000000100000000)
  eden space 126976K, 0% used [0x00000000d6d00000,0x00000000d6d00000,0x00000000de900000)
  from space 8192K, 60% used [0x00000000de900000,0x00000000dedd4080,0x00000000df100000)
  to   space 8192K, 0% used [0x00000000e6d00000,0x00000000e6d00000,0x00000000e7500000)
 ParOldGen       total 84992K, used 69252K [0x0000000084600000, 0x0000000089900000, 0x00000000d6d00000)
  object space 84992K, 81% used [0x0000000084600000,0x00000000889a12b0,0x0000000089900000)
 Metaspace       used 13970K, capacity 14316K, committed 14464K, reserved 1062912K
  class space    used 1730K, capacity 1878K, committed 1920K, reserved 1048576K
Event: 351,937 GC heap after
Heap after GC invocations=8 (full 1):
 PSYoungGen      total 135168K, used 0K [0x00000000d6d00000, 0x00000000e7500000, 0x0000000100000000)
  eden space 126976K, 0% used [0x00000000d6d00000,0x00000000d6d00000,0x00000000de900000)
  from space 8192K, 0% used [0x00000000de900000,0x00000000de900000,0x00000000df100000)
  to   space 8192K, 0% used [0x00000000e6d00000,0x00000000e6d00000,0x00000000e7500000)
 ParOldGen       total 64000K, used 14927K [0x0000000084600000, 0x0000000088480000, 0x00000000d6d00000)
  object space 64000K, 23% used [0x0000000084600000,0x0000000085493d90,0x0000000088480000)
 Metaspace       used 13970K, capacity 14316K, committed 14464K, reserved 1062912K
  class space    used 1730K, capacity 1878K, committed 1920K, reserved 1048576K
}
Event: 402,657 GC heap before
{Heap before GC invocations=9 (full 1):
 PSYoungGen      total 135168K, used 126759K [0x00000000d6d00000, 0x00000000e7500000, 0x0000000100000000)
  eden space 126976K, 99% used [0x00000000d6d00000,0x00000000de8c9ca0,0x00000000de900000)
  from space 8192K, 0% used [0x00000000de900000,0x00000000de900000,0x00000000df100000)
  to   space 8192K, 0% used [0x00000000e6d00000,0x00000000e6d00000,0x00000000e7500000)
 ParOldGen       total 64000K, used 14927K [0x0000000084600000, 0x0000000088480000, 0x00000000d6d00000)
  object space 64000K, 23% used [0x0000000084600000,0x0000000085493d90,0x0000000088480000)
 Metaspace       used 14035K, capacity 14386K, committed 14464K, reserved 1062912K
  class space    used 1730K, capacity 1879K, committed 1920K, reserved 1048576K
Event: 402,668 GC heap after
Heap after GC invocations=9 (full 1):
 PSYoungGen      total 260096K, used 4448K [0x00000000d6d00000, 0x00000000e7380000, 0x0000000100000000)
  eden space 253440K, 0% used [0x00000000d6d00000,0x00000000d6d00000,0x00000000e6480000)
  from space 6656K, 66% used [0x00000000e6d00000,0x00000000e7158030,0x00000000e7380000)
  to   space 7680K, 0% used [0x00000000e6480000,0x00000000e6480000,0x00000000e6c00000)
 ParOldGen       total 64000K, used 52472K [0x0000000084600000, 0x0000000088480000, 0x00000000d6d00000)
  object space 64000K, 81% used [0x0000000084600000,0x000000008793e258,0x0000000088480000)
 Metaspace       used 14035K, capacity 14386K, committed 14464K, reserved 1062912K
  class space    used 1730K, capacity 1879K, committed 1920K, reserved 1048576K
}
Event: 402,668 GC heap before
{Heap before GC invocations=10 (full 2):
 PSYoungGen      total 260096K, used 4448K [0x00000000d6d00000, 0x00000000e7380000, 0x0000000100000000)
  eden space 253440K, 0% used [0x00000000d6d00000,0x00000000d6d00000,0x00000000e6480000)
  from space 6656K, 66% used [0x00000000e6d00000,0x00000000e7158030,0x00000000e7380000)
  to   space 7680K, 0% used [0x00000000e6480000,0x00000000e6480000,0x00000000e6c00000)
 ParOldGen       total 64000K, used 52472K [0x0000000084600000, 0x0000000088480000, 0x00000000d6d00000)
  object space 64000K, 81% used [0x0000000084600000,0x000000008793e258,0x0000000088480000)
 Metaspace       used 14035K, capacity 14386K, committed 14464K, reserved 1062912K
  class space    used 1730K, capacity 1879K, committed 1920K, reserved 1048576K
Event: 402,711 GC heap after
Heap after GC invocations=10 (full 2):
 PSYoungGen      total 260096K, used 0K [0x00000000d6d00000, 0x00000000e7380000, 0x0000000100000000)
  eden space 253440K, 0% used [0x00000000d6d00000,0x00000000d6d00000,0x00000000e6480000)
  from space 6656K, 0% used [0x00000000e6d00000,0x00000000e6d00000,0x00000000e7380000)
  to   space 7680K, 0% used [0x00000000e6480000,0x00000000e6480000,0x00000000e6c00000)
 ParOldGen       total 77824K, used 17139K [0x0000000084600000, 0x0000000089200000, 0x00000000d6d00000)
  object space 77824K, 22% used [0x0000000084600000,0x00000000856bcdd8,0x0000000089200000)
 Metaspace       used 14035K, capacity 14386K, committed 14464K, reserved 1062912K
  class space    used 1730K, capacity 1879K, committed 1920K, reserved 1048576K
}
Event: 791,814 GC heap before
{Heap before GC invocations=11 (full 2):
 PSYoungGen      total 260096K, used 250409K [0x00000000d6d00000, 0x00000000e7380000, 0x0000000100000000)
  eden space 253440K, 98% used [0x00000000d6d00000,0x00000000e618a740,0x00000000e6480000)
  from space 6656K, 0% used [0x00000000e6d00000,0x00000000e6d00000,0x00000000e7380000)
  to   space 7680K, 0% used [0x00000000e6480000,0x00000000e6480000,0x00000000e6c00000)
 ParOldGen       total 77824K, used 17139K [0x0000000084600000, 0x0000000089200000, 0x00000000d6d00000)
  object space 77824K, 22% used [0x0000000084600000,0x00000000856bcdd8,0x0000000089200000)
 Metaspace       used 14285K, capacity 14718K, committed 14976K, reserved 1062912K
  class space    used 1730K, capacity 1879K, committed 1920K, reserved 1048576K

